# JRE version: 7.0_07-b11
# Java VM: Java HotSpot(TM) Client VM (23.3-b01 mixed mode, sharing windows-x86 )
Heap
 def new generation   total 4928K, used 4673K [0x24020000, 0x24570000, 0x29570000)
  eden space 4416K, 100% used [0x24020000, 0x24470000, 0x24470000)
  from space 512K,  50% used [0x244f0000, 0x24530630, 0x24570000)
  to   space 512K,  64% used [0x24470000, 0x244c3090, 0x244f0000)
 tenured generation   total 10944K, used 4242K [0x29570000, 0x2a020000, 0x34020000)
   the space 10944K,  38% used [0x29570000, 0x29994a78, 0x29994c00, 0x2a020000)
 compacting perm gen  total 12288K, used 4939K [0x34020000, 0x34c20000, 0x38020000)
   the space 12288K,  40% used [0x34020000, 0x344f2e18, 0x344f3000, 0x34c20000)
    ro space 10240K,  45% used [0x38020000, 0x384a4650, 0x384a4800, 0x38a20000)
    rw space 12288K,  54% used [0x38a20000, 0x390a7e58, 0x390a8000, 0x39620000)
GC Heap History (10 events):
Event: 68936.171 GC heap after
Heap after GC invocations=11 (full 0):
 def new generation   total 4928K, used 258K [0x24020000, 0x24570000, 0x29570000)
  eden space 4416K,   0% used [0x24020000, 0x24020000, 0x24470000)
  from space 512K,  50% used [0x244f0000, 0x245308c0, 0x24570000)
  to   space 512K,   0% used [0x24470000, 0x24470000, 0x244f0000)
 tenured generation   total 10944K, used 4214K [0x29570000, 0x2a020000, 0x34020000)
   the space 10944K,  38% used [0x29570000, 0x2998d8a0, 0x2998da00, 0x2a020000)
 compacting perm gen  total 12288K, used 4939K [0x34020000, 0x34c20000, 0x38020000)
   the space 12288K,  40% used [0x34020000, 0x344f2db8, 0x344f2e00, 0x34c20000)
    ro space 10240K,  45% used [0x38020000, 0x384a4650, 0x384a4800, 0x38a20000)
    rw space 12288K,  54% used [0x38a20000, 0x390a7e58, 0x390a8000, 0x39620000)
}
Event: 94873.264 GC heap before
{Heap before GC invocations=11 (full 0):
 def new generation   total 4928K, used 4674K [0x24020000, 0x24570000, 0x29570000)
  eden space 4416K, 100% used [0x24020000, 0x24470000, 0x24470000)
  from space 512K,  50% used [0x244f0000, 0x245308c0, 0x24570000)
  to   space 512K,   0% used [0x24470000, 0x24470000, 0x244f0000)
 tenured generation   total 10944K, used 4214K [0x29570000, 0x2a020000, 0x34020000)
   the space 10944K,  38% used [0x29570000, 0x2998d8a0, 0x2998da00, 0x2a020000)
 compacting perm gen  total 12288K, used 4939K [0x34020000, 0x34c20000, 0x38020000)
   the space 12288K,  40% used [0x34020000, 0x344f2dc8, 0x344f2e00, 0x34c20000)
    ro space 10240K,  45% used [0x38020000, 0x384a4650, 0x384a4800, 0x38a20000)
    rw space 12288K,  54% used [0x38a20000, 0x390a7e58, 0x390a8000, 0x39620000)
Event: 94873.268 GC heap after
Heap after GC invocations=12 (full 0):
 def new generation   total 4928K, used 329K [0x24020000, 0x24570000, 0x29570000)
  eden space 4416K,   0% used [0x24020000, 0x24020000, 0x24470000)
  from space 512K,  64% used [0x24470000, 0x244c24a0, 0x244f0000)
  to   space 512K,   0% used [0x244f0000, 0x244f0000, 0x24570000)
 tenured generation   total 10944K, used 4216K [0x29570000, 0x2a020000, 0x34020000)
   the space 10944K,  38% used [0x29570000, 0x2998e0c8, 0x2998e200, 0x2a020000)
 compacting perm gen  total 12288K, used 4939K [0x34020000, 0x34c20000, 0x38020000)
   the space 12288K,  40% used [0x34020000, 0x344f2dc8, 0x344f2e00, 0x34c20000)
    ro space 10240K,  45% used [0x38020000, 0x384a4650, 0x384a4800, 0x38a20000)
    rw space 12288K,  54% used [0x38a20000, 0x390a7e58, 0x390a8000, 0x39620000)
}
Event: 122473.144 GC heap before
{Heap before GC invocations=12 (full 0):
 def new generation   total 4928K, used 4745K [0x24020000, 0x24570000, 0x29570000)
  eden space 4416K, 100% used [0x24020000, 0x24470000, 0x24470000)
  from space 512K,  64% used [0x24470000, 0x244c24a0, 0x244f0000)
  to   space 512K,   0% used [0x244f0000, 0x244f0000, 0x24570000)
 tenured generation   total 10944K, used 4216K [0x29570000, 0x2a020000, 0x34020000)
   the space 10944K,  38% used [0x29570000, 0x2998e0c8, 0x2998e200, 0x2a020000)
 compacting perm gen  total 12288K, used 4939K [0x34020000, 0x34c20000, 0x38020000)
   the space 12288K,  40% used [0x34020000, 0x344f2e08, 0x344f3000, 0x34c20000)
    ro space 10240K,  45% used [0x38020000, 0x384a4650, 0x384a4800, 0x38a20000)
    rw space 12288K,  54% used [0x38a20000, 0x390a7e58, 0x390a8000, 0x39620000)
Event: 122473.148 GC heap after
Heap after GC invocations=13 (full 0):
 def new generation   total 4928K, used 317K [0x24020000, 0x24570000, 0x29570000)
  eden space 4416K,   0% used [0x24020000, 0x24020000, 0x24470000)
  from space 512K,  62% used [0x244f0000, 0x2453f688, 0x24570000)
  to   space 512K,   0% used [0x24470000, 0x24470000, 0x244f0000)
 tenured generation   total 10944K, used 4228K [0x29570000, 0x2a020000, 0x34020000)
   the space 10944K,  38% used [0x29570000, 0x299913d8, 0x29991400, 0x2a020000)
 compacting perm gen  total 12288K, used 4939K [0x34020000, 0x34c20000, 0x38020000)
   the space 12288K,  40% used [0x34020000, 0x344f2e08, 0x344f3000, 0x34c20000)
    ro space 10240K,  45% used [0x38020000, 0x384a4650, 0x384a4800, 0x38a20000)
    rw space 12288K,  54% used [0x38a20000, 0x390a7e58, 0x390a8000, 0x39620000)
}
Event: 138073.956 GC heap before
{Heap before GC invocations=13 (full 0):
 def new generation   total 4928K, used 4733K [0x24020000, 0x24570000, 0x29570000)
  eden space 4416K, 100% used [0x24020000, 0x24470000, 0x24470000)
  from space 512K,  62% used [0x244f0000, 0x2453f688, 0x24570000)
  to   space 512K,   0% used [0x24470000, 0x24470000, 0x244f0000)
 tenured generation   total 10944K, used 4228K [0x29570000, 0x2a020000, 0x34020000)
   the space 10944K,  38% used [0x29570000, 0x299913d8, 0x29991400, 0x2a020000)
 compacting perm gen  total 12288K, used 4939K [0x34020000, 0x34c20000, 0x38020000)
   the space 12288K,  40% used [0x34020000, 0x344f2e08, 0x344f3000, 0x34c20000)
    ro space 10240K,  45% used [0x38020000, 0x384a4650, 0x384a4800, 0x38a20000)
    rw space 12288K,  54% used [0x38a20000, 0x390a7e58, 0x390a8000, 0x39620000)
Event: 138073.957 GC heap after
Heap after GC invocations=14 (full 0):
 def new generation   total 4928K, used 232K [0x24020000, 0x24570000, 0x29570000)
  eden space 4416K,   0% used [0x24020000, 0x24020000, 0x24470000)
  from space 512K,  45% used [0x24470000, 0x244aa288, 0x244f0000)
  to   space 512K,   0% used [0x244f0000, 0x244f0000, 0x24570000)
 tenured generation   total 10944K, used 4241K [0x29570000, 0x2a020000, 0x34020000)
   the space 10944K,  38% used [0x29570000, 0x29994778, 0x29994800, 0x2a020000)
 compacting perm gen  total 12288K, used 4939K [0x34020000, 0x34c20000, 0x38020000)
   the space 12288K,  40% used [0x34020000, 0x344f2e08, 0x344f3000, 0x34c20000)
    ro space 10240K,  45% used [0x38020000, 0x384a4650, 0x384a4800, 0x38a20000)
    rw space 12288K,  54% used [0x38a20000, 0x390a7e58, 0x390a8000, 0x39620000)
}
Event: 159247.933 GC heap before
{Heap before GC invocations=14 (full 0):
 def new generation   total 4928K, used 4648K [0x24020000, 0x24570000, 0x29570000)
  eden space 4416K, 100% used [0x24020000, 0x24470000, 0x24470000)
  from space 512K,  45% used [0x24470000, 0x244aa288, 0x244f0000)
  to   space 512K,   0% used [0x244f0000, 0x244f0000, 0x24570000)
 tenured generation   total 10944K, used 4241K [0x29570000, 0x2a020000, 0x34020000)
   the space 10944K,  38% used [0x29570000, 0x29994778, 0x29994800, 0x2a020000)
 compacting perm gen  total 12288K, used 4939K [0x34020000, 0x34c20000, 0x38020000)
   the space 12288K,  40% used [0x34020000, 0x344f2e18, 0x344f3000, 0x34c20000)
    ro space 10240K,  45% used [0x38020000, 0x384a4650, 0x384a4800, 0x38a20000)
    rw space 12288K,  54% used [0x38a20000, 0x390a7e58, 0x390a8000, 0x39620000)
Event: 159247.934 GC heap after
Heap after GC invocations=15 (full 0):
 def new generation   total 4928K, used 257K [0x24020000, 0x24570000, 0x29570000)
  eden space 4416K,   0% used [0x24020000, 0x24020000, 0x24470000)
  from space 512K,  50% used [0x244f0000, 0x24530630, 0x24570000)
  to   space 512K,   0% used [0x24470000, 0x24470000, 0x244f0000)
 tenured generation   total 10944K, used 4241K [0x29570000, 0x2a020000, 0x34020000)
   the space 10944K,  38% used [0x29570000, 0x29994778, 0x29994800, 0x2a020000)
 compacting perm gen  total 12288K, used 4939K [0x34020000, 0x34c20000, 0x38020000)
   the space 12288K,  40% used [0x34020000, 0x344f2e18, 0x344f3000, 0x34c20000)
    ro space 10240K,  45% used [0x38020000, 0x384a4650, 0x384a4800, 0x38a20000)
    rw space 12288K,  54% used [0x38a20000, 0x390a7e58, 0x390a8000, 0x39620000)
}
Event: 193569.270 GC heap before
{Heap before GC invocations=15 (full 0):
 def new generation   total 4928K, used 4673K [0x24020000, 0x24570000, 0x29570000)
  eden space 4416K, 100% used [0x24020000, 0x24470000, 0x24470000)
  from space 512K,  50% used [0x244f0000, 0x24530630, 0x24570000)
  to   space 512K,   0% used [0x24470000, 0x24470000, 0x244f0000)
 tenured generation   total 10944K, used 4241K [0x29570000, 0x2a020000, 0x34020000)
   the space 10944K,  38% used [0x29570000, 0x29994778, 0x29994800, 0x2a020000)
 compacting perm gen  total 12288K, used 4939K [0x34020000, 0x34c20000, 0x38020000)
   the space 12288K,  40% used [0x34020000, 0x344f2e18, 0x344f3000, 0x34c20000)
    ro space 10240K,  45% used [0x38020000, 0x384a4650, 0x384a4800, 0x38a20000)
    rw space 12288K,  54% used [0x38a20000, 0x390a7e58, 0x390a8000, 0x39620000)

