# JRE version: 7.0_07-b11
# Java VM: Java HotSpot(TM) Client VM (23.3-b01 mixed mode, sharing windows-x86 )
Heap
 def new generation   total 4928K, used 4855K [0x24020000, 0x24570000, 0x29570000)
  eden space 4416K,  98% used [0x24020000, 0x2445dfc8, 0x24470000)
  from space 512K, 100% used [0x244f0000, 0x24570000, 0x24570000)
  to   space 512K,   0% used [0x24470000, 0x24470000, 0x244f0000)
 tenured generation   total 10944K, used 4067K [0x29570000, 0x2a020000, 0x34020000)
   the space 10944K,  37% used [0x29570000, 0x29968f20, 0x29969000, 0x2a020000)
 compacting perm gen  total 12288K, used 4939K [0x34020000, 0x34c20000, 0x38020000)
   the space 12288K,  40% used [0x34020000, 0x344f2db8, 0x344f2e00, 0x34c20000)
    ro space 10240K,  45% used [0x38020000, 0x384a4650, 0x384a4800, 0x38a20000)
    rw space 12288K,  54% used [0x38a20000, 0x390a7e58, 0x390a8000, 0x39620000)
GC Heap History (10 events):
Event: 0.607 GC heap before
{Heap before GC invocations=2 (full 0):
 def new generation   total 4928K, used 4927K [0x24020000, 0x24570000, 0x29570000)
  eden space 4416K, 100% used [0x24020000, 0x24470000, 0x24470000)
  from space 512K,  99% used [0x24470000, 0x244efff8, 0x244f0000)
  to   space 512K,   0% used [0x244f0000, 0x244f0000, 0x24570000)
 tenured generation   total 10944K, used 1024K [0x29570000, 0x2a020000, 0x34020000)
   the space 10944K,   9% used [0x29570000, 0x296701e8, 0x29670200, 0x2a020000)
 compacting perm gen  total 12288K, used 1763K [0x34020000, 0x34c20000, 0x38020000)
   the space 12288K,  14% used [0x34020000, 0x341d8db0, 0x341d8e00, 0x34c20000)
    ro space 10240K,  45% used [0x38020000, 0x384a4650, 0x384a4800, 0x38a20000)
    rw space 12288K,  54% used [0x38a20000, 0x390a7e58, 0x390a8000, 0x39620000)
Event: 0.611 GC heap after
Heap after GC invocations=3 (full 0):
 def new generation   total 4928K, used 512K [0x24020000, 0x24570000, 0x29570000)
  eden space 4416K,   0% used [0x24020000, 0x24020000, 0x24470000)
  from space 512K, 100% used [0x244f0000, 0x24570000, 0x24570000)
  to   space 512K,   0% used [0x24470000, 0x24470000, 0x244f0000)
 tenured generation   total 10944K, used 1246K [0x29570000, 0x2a020000, 0x34020000)
   the space 10944K,  11% used [0x29570000, 0x296a7ad0, 0x296a7c00, 0x2a020000)
 compacting perm gen  total 12288K, used 1763K [0x34020000, 0x34c20000, 0x38020000)
   the space 12288K,  14% used [0x34020000, 0x341d8db0, 0x341d8e00, 0x34c20000)
    ro space 10240K,  45% used [0x38020000, 0x384a4650, 0x384a4800, 0x38a20000)
    rw space 12288K,  54% used [0x38a20000, 0x390a7e58, 0x390a8000, 0x39620000)
}
Event: 0.715 GC heap before
{Heap before GC invocations=3 (full 0):
 def new generation   total 4928K, used 4928K [0x24020000, 0x24570000, 0x29570000)
  eden space 4416K, 100% used [0x24020000, 0x24470000, 0x24470000)
  from space 512K, 100% used [0x244f0000, 0x24570000, 0x24570000)
  to   space 512K,   0% used [0x24470000, 0x24470000, 0x244f0000)
 tenured generation   total 10944K, used 1246K [0x29570000, 0x2a020000, 0x34020000)
   the space 10944K,  11% used [0x29570000, 0x296a7ad0, 0x296a7c00, 0x2a020000)
 compacting perm gen  total 12288K, used 2205K [0x34020000, 0x34c20000, 0x38020000)
   the space 12288K,  17% used [0x34020000, 0x34247400, 0x34247400, 0x34c20000)
    ro space 10240K,  45% used [0x38020000, 0x384a4650, 0x384a4800, 0x38a20000)
    rw space 12288K,  54% used [0x38a20000, 0x390a7e58, 0x390a8000, 0x39620000)
Event: 0.719 GC heap after
Heap after GC invocations=4 (full 0):
 def new generation   total 4928K, used 511K [0x24020000, 0x24570000, 0x29570000)
  eden space 4416K,   0% used [0x24020000, 0x24020000, 0x24470000)
  from space 512K,  99% used [0x24470000, 0x244efff8, 0x244f0000)
  to   space 512K,   0% used [0x244f0000, 0x244f0000, 0x24570000)
 tenured generation   total 10944K, used 1648K [0x29570000, 0x2a020000, 0x34020000)
   the space 10944K,  15% used [0x29570000, 0x2970c370, 0x2970c400, 0x2a020000)
 compacting perm gen  total 12288K, used 2205K [0x34020000, 0x34c20000, 0x38020000)
   the space 12288K,  17% used [0x34020000, 0x34247400, 0x34247400, 0x34c20000)
    ro space 10240K,  45% used [0x38020000, 0x384a4650, 0x384a4800, 0x38a20000)
    rw space 12288K,  54% used [0x38a20000, 0x390a7e58, 0x390a8000, 0x39620000)
}
Event: 0.881 GC heap before
{Heap before GC invocations=4 (full 0):
 def new generation   total 4928K, used 4927K [0x24020000, 0x24570000, 0x29570000)
  eden space 4416K, 100% used [0x24020000, 0x24470000, 0x24470000)
  from space 512K,  99% used [0x24470000, 0x244efff8, 0x244f0000)
  to   space 512K,   0% used [0x244f0000, 0x244f0000, 0x24570000)
 tenured generation   total 10944K, used 1648K [0x29570000, 0x2a020000, 0x34020000)
   the space 10944K,  15% used [0x29570000, 0x2970c370, 0x2970c400, 0x2a020000)
 compacting perm gen  total 12288K, used 2987K [0x34020000, 0x34c20000, 0x38020000)
   the space 12288K,  24% used [0x34020000, 0x3430af10, 0x3430b000, 0x34c20000)
    ro space 10240K,  45% used [0x38020000, 0x384a4650, 0x384a4800, 0x38a20000)
    rw space 12288K,  54% used [0x38a20000, 0x390a7e58, 0x390a8000, 0x39620000)
Event: 0.886 GC heap after
Heap after GC invocations=5 (full 0):
 def new generation   total 4928K, used 512K [0x24020000, 0x24570000, 0x29570000)
  eden space 4416K,   0% used [0x24020000, 0x24020000, 0x24470000)
  from space 512K, 100% used [0x244f0000, 0x24570000, 0x24570000)
  to   space 512K,   0% used [0x24470000, 0x24470000, 0x244f0000)
 tenured generation   total 10944K, used 2320K [0x29570000, 0x2a020000, 0x34020000)
   the space 10944K,  21% used [0x29570000, 0x297b41c0, 0x297b4200, 0x2a020000)
 compacting perm gen  total 12288K, used 2987K [0x34020000, 0x34c20000, 0x38020000)
   the space 12288K,  24% used [0x34020000, 0x3430af10, 0x3430b000, 0x34c20000)
    ro space 10240K,  45% used [0x38020000, 0x384a4650, 0x384a4800, 0x38a20000)
    rw space 12288K,  54% used [0x38a20000, 0x390a7e58, 0x390a8000, 0x39620000)
}
Event: 1.106 GC heap before
{Heap before GC invocations=5 (full 0):
 def new generation   total 4928K, used 4883K [0x24020000, 0x24570000, 0x29570000)
  eden space 4416K,  98% used [0x24020000, 0x24464e98, 0x24470000)
  from space 512K, 100% used [0x244f0000, 0x24570000, 0x24570000)
  to   space 512K,   0% used [0x24470000, 0x24470000, 0x244f0000)
 tenured generation   total 10944K, used 2320K [0x29570000, 0x2a020000, 0x34020000)
   the space 10944K,  21% used [0x29570000, 0x297b41c0, 0x297b4200, 0x2a020000)
 compacting perm gen  total 12288K, used 4322K [0x34020000, 0x34c20000, 0x38020000)
   the space 12288K,  35% used [0x34020000, 0x34458990, 0x34458a00, 0x34c20000)
    ro space 10240K,  45% used [0x38020000, 0x384a4650, 0x384a4800, 0x38a20000)
    rw space 12288K,  54% used [0x38a20000, 0x390a7e58, 0x390a8000, 0x39620000)
Event: 1.111 GC heap after
Heap after GC invocations=6 (full 0):
 def new generation   total 4928K, used 512K [0x24020000, 0x24570000, 0x29570000)
  eden space 4416K,   0% used [0x24020000, 0x24020000, 0x24470000)
  from space 512K, 100% used [0x24470000, 0x244f0000, 0x244f0000)
  to   space 512K,   0% used [0x244f0000, 0x244f0000, 0x24570000)
 tenured generation   total 10944K, used 3418K [0x29570000, 0x2a020000, 0x34020000)
   the space 10944K,  31% used [0x29570000, 0x298c6a58, 0x298c6c00, 0x2a020000)
 compacting perm gen  total 12288K, used 4322K [0x34020000, 0x34c20000, 0x38020000)
   the space 12288K,  35% used [0x34020000, 0x34458990, 0x34458a00, 0x34c20000)
    ro space 10240K,  45% used [0x38020000, 0x384a4650, 0x384a4800, 0x38a20000)
    rw space 12288K,  54% used [0x38a20000, 0x390a7e58, 0x390a8000, 0x39620000)
}
Event: 2463.085 GC heap before
{Heap before GC invocations=6 (full 0):
 def new generation   total 4928K, used 4928K [0x24020000, 0x24570000, 0x29570000)
  eden space 4416K, 100% used [0x24020000, 0x24470000, 0x24470000)
  from space 512K, 100% used [0x24470000, 0x244f0000, 0x244f0000)
  to   space 512K,   0% used [0x244f0000, 0x244f0000, 0x24570000)
 tenured generation   total 10944K, used 3418K [0x29570000, 0x2a020000, 0x34020000)
   the space 10944K,  31% used [0x29570000, 0x298c6a58, 0x298c6c00, 0x2a020000)
 compacting perm gen  total 12288K, used 4939K [0x34020000, 0x34c20000, 0x38020000)
   the space 12288K,  40% used [0x34020000, 0x344f2ce8, 0x344f2e00, 0x34c20000)
    ro space 10240K,  45% used [0x38020000, 0x384a4650, 0x384a4800, 0x38a20000)
    rw space 12288K,  54% used [0x38a20000, 0x390a7e58, 0x390a8000, 0x39620000)
Event: 2463.089 GC heap after
Heap after GC invocations=7 (full 0):
 def new generation   total 4928K, used 512K [0x24020000, 0x24570000, 0x29570000)
  eden space 4416K,   0% used [0x24020000, 0x24020000, 0x24470000)
  from space 512K, 100% used [0x244f0000, 0x24570000, 0x24570000)
  to   space 512K,   0% used [0x24470000, 0x24470000, 0x244f0000)
 tenured generation   total 10944K, used 4067K [0x29570000, 0x2a020000, 0x34020000)
   the space 10944K,  37% used [0x29570000, 0x29968f20, 0x29969000, 0x2a020000)
 compacting perm gen  total 12288K, used 4939K [0x34020000, 0x34c20000, 0x38020000)
   the space 12288K,  40% used [0x34020000, 0x344f2ce8, 0x344f2e00, 0x34c20000)
    ro space 10240K,  45% used [0x38020000, 0x384a4650, 0x384a4800, 0x38a20000)
    rw space 12288K,  54% used [0x38a20000, 0x390a7e58, 0x390a8000, 0x39620000)
}

